<?xml version="1.0" encoding="UTF-8"?>
<testng-results skipped="0" failed="0" ignored="0" total="1" passed="1">
  <reporter-output>
  </reporter-output>
  <suite name="Suite" duration-ms="7855" started-at="2020-08-20T00:52:54 CDT" finished-at="2020-08-20T00:53:02 CDT">
    <groups>
    </groups>
    <test name="Test" duration-ms="7855" started-at="2020-08-20T00:52:54 CDT" finished-at="2020-08-20T00:53:02 CDT">
      <class name="Example.NewTest1">
        <test-method status="PASS" signature="beforeTest()[pri:0, instance:Example.NewTest1@aecb35a]" name="beforeTest" is-config="true" duration-ms="4892" started-at="2020-08-20T00:52:54 CDT" finished-at="2020-08-20T00:52:59 CDT">
          <reporter-output>
          </reporter-output>
        </test-method> <!-- beforeTest -->
        <test-method status="PASS" signature="f()[pri:0, instance:Example.NewTest1@aecb35a]" name="f" duration-ms="1572" started-at="2020-08-20T00:52:59 CDT" finished-at="2020-08-20T00:53:01 CDT">
          <reporter-output>
          </reporter-output>
        </test-method> <!-- f -->
        <test-method status="PASS" signature="afterTest()[pri:0, instance:Example.NewTest1@aecb35a]" name="afterTest" is-config="true" duration-ms="1341" started-at="2020-08-20T00:53:01 CDT" finished-at="2020-08-20T00:53:02 CDT">
          <reporter-output>
          </reporter-output>
        </test-method> <!-- afterTest -->
      </class> <!-- Example.NewTest1 -->
    </test> <!-- Test -->
  </suite> <!-- Suite -->
</testng-results>
