<?xml version="1.0" encoding="UTF-8"?>
<testng-results skipped="0" failed="0" total="1" passed="1">
  <reporter-output>
  </reporter-output>
  <suite name="Suite" duration-ms="11876" started-at="2020-08-20T06:12:07Z" finished-at="2020-08-20T06:12:19Z">
    <groups>
    </groups>
    <test name="Test" duration-ms="11876" started-at="2020-08-20T06:12:07Z" finished-at="2020-08-20T06:12:19Z">
      <class name="Example.NewTest1">
        <test-method status="PASS" signature="beforeTest()[pri:0, instance:Example.NewTest1@737996a0]" name="beforeTest" is-config="true" duration-ms="7001" started-at="2020-08-20T01:12:07Z" finished-at="2020-08-20T01:12:14Z">
          <reporter-output>
          </reporter-output>
        </test-method> <!-- beforeTest -->
        <test-method status="PASS" signature="f()[pri:0, instance:Example.NewTest1@737996a0]" name="f" duration-ms="2980" started-at="2020-08-20T01:12:14Z" finished-at="2020-08-20T01:12:17Z">
          <reporter-output>
          </reporter-output>
        </test-method> <!-- f -->
        <test-method status="PASS" signature="afterTest()[pri:0, instance:Example.NewTest1@737996a0]" name="afterTest" is-config="true" duration-ms="1846" started-at="2020-08-20T01:12:17Z" finished-at="2020-08-20T01:12:19Z">
          <reporter-output>
          </reporter-output>
        </test-method> <!-- afterTest -->
      </class> <!-- Example.NewTest1 -->
    </test> <!-- Test -->
  </suite> <!-- Suite -->
</testng-results>
